2016-07-15 15:40:04 - PHP Notice:  Undefined variable: languages in C:\Users\mfoganholo\Documents\GitHub\opencart57564\public\admin\view\template\module\olark.tpl on line 64
2016-07-15 15:40:04 - PHP Warning:  Invalid argument supplied for foreach() in C:\Users\mfoganholo\Documents\GitHub\opencart57564\public\admin\view\template\module\olark.tpl on line 64
2016-07-15 15:43:02 - PHP Notice:  Undefined variable: languages in C:\Users\mfoganholo\Documents\GitHub\opencart57564\public\admin\view\template\module\olark.tpl on line 64
2016-07-15 15:43:02 - PHP Warning:  Invalid argument supplied for foreach() in C:\Users\mfoganholo\Documents\GitHub\opencart57564\public\admin\view\template\module\olark.tpl on line 64
2016-07-15 15:43:37 - PHP Notice:  Undefined variable: description in C:\Users\mfoganholo\Documents\GitHub\opencart57564\public\catalog\view\theme\theme638\template\module\tm_newsletter.tpl on line 7
2016-07-15 15:43:37 - PHP Notice:  Undefined variable: html in C:\Users\mfoganholo\Documents\GitHub\opencart57564\public\catalog\view\theme\theme638\template\module\tm_newsletter_popup.tpl on line 18
2016-07-15 15:43:37 - PHP Warning:  sprintf(): Too few arguments in C:\Users\mfoganholo\Documents\GitHub\opencart57564\public\system\storage\modification\catalog\controller\common\footer.php on line 90
2016-07-15 15:43:37 - PHP Notice:  Undefined variable: description in C:\Users\mfoganholo\Documents\GitHub\opencart57564\public\catalog\view\theme\theme638\template\module\tm_newsletter.tpl on line 7
2016-07-15 15:43:37 - PHP Notice:  Undefined variable: html in C:\Users\mfoganholo\Documents\GitHub\opencart57564\public\catalog\view\theme\theme638\template\module\tm_newsletter_popup.tpl on line 18
2016-07-15 15:43:37 - PHP Warning:  sprintf(): Too few arguments in C:\Users\mfoganholo\Documents\GitHub\opencart57564\public\system\storage\modification\catalog\controller\common\footer.php on line 90
2016-07-15 15:43:38 - PHP Notice:  Undefined variable: description in C:\Users\mfoganholo\Documents\GitHub\opencart57564\public\catalog\view\theme\theme638\template\module\tm_newsletter.tpl on line 7
2016-07-15 15:43:38 - PHP Notice:  Undefined variable: html in C:\Users\mfoganholo\Documents\GitHub\opencart57564\public\catalog\view\theme\theme638\template\module\tm_newsletter_popup.tpl on line 18
2016-07-15 15:43:38 - PHP Warning:  sprintf(): Too few arguments in C:\Users\mfoganholo\Documents\GitHub\opencart57564\public\system\storage\modification\catalog\controller\common\footer.php on line 90
2016-07-15 15:44:08 - PHP Notice:  Undefined variable: description in C:\Users\mfoganholo\Documents\GitHub\opencart57564\public\catalog\view\theme\theme638\template\module\tm_newsletter.tpl on line 7
2016-07-15 15:44:08 - PHP Notice:  Undefined variable: html in C:\Users\mfoganholo\Documents\GitHub\opencart57564\public\catalog\view\theme\theme638\template\module\tm_newsletter_popup.tpl on line 18
2016-07-15 15:44:08 - PHP Warning:  sprintf(): Too few arguments in C:\Users\mfoganholo\Documents\GitHub\opencart57564\public\system\storage\modification\catalog\controller\common\footer.php on line 90
2016-07-15 15:44:09 - PHP Notice:  Undefined variable: description in C:\Users\mfoganholo\Documents\GitHub\opencart57564\public\catalog\view\theme\theme638\template\module\tm_newsletter.tpl on line 7
2016-07-15 15:44:09 - PHP Notice:  Undefined variable: html in C:\Users\mfoganholo\Documents\GitHub\opencart57564\public\catalog\view\theme\theme638\template\module\tm_newsletter_popup.tpl on line 18
2016-07-15 15:44:09 - PHP Warning:  sprintf(): Too few arguments in C:\Users\mfoganholo\Documents\GitHub\opencart57564\public\system\storage\modification\catalog\controller\common\footer.php on line 90
2016-07-15 15:44:37 - PHP Notice:  Undefined variable: description in C:\Users\mfoganholo\Documents\GitHub\opencart57564\public\catalog\view\theme\theme638\template\module\tm_newsletter.tpl on line 7
2016-07-15 15:44:37 - PHP Notice:  Undefined variable: html in C:\Users\mfoganholo\Documents\GitHub\opencart57564\public\catalog\view\theme\theme638\template\module\tm_newsletter_popup.tpl on line 18
2016-07-15 15:44:37 - PHP Warning:  sprintf(): Too few arguments in C:\Users\mfoganholo\Documents\GitHub\opencart57564\public\system\storage\modification\catalog\controller\common\footer.php on line 90
2016-07-15 15:44:38 - PHP Notice:  Undefined variable: description in C:\Users\mfoganholo\Documents\GitHub\opencart57564\public\catalog\view\theme\theme638\template\module\tm_newsletter.tpl on line 7
2016-07-15 15:44:38 - PHP Notice:  Undefined variable: html in C:\Users\mfoganholo\Documents\GitHub\opencart57564\public\catalog\view\theme\theme638\template\module\tm_newsletter_popup.tpl on line 18
2016-07-15 15:44:38 - PHP Warning:  sprintf(): Too few arguments in C:\Users\mfoganholo\Documents\GitHub\opencart57564\public\system\storage\modification\catalog\controller\common\footer.php on line 90
2016-07-15 15:45:29 - PHP Notice:  Undefined variable: description in C:\Users\mfoganholo\Documents\GitHub\opencart57564\public\catalog\view\theme\theme638\template\module\tm_newsletter.tpl on line 7
2016-07-15 15:45:29 - PHP Notice:  Undefined variable: html in C:\Users\mfoganholo\Documents\GitHub\opencart57564\public\catalog\view\theme\theme638\template\module\tm_newsletter_popup.tpl on line 18
2016-07-15 15:45:29 - PHP Warning:  sprintf(): Too few arguments in C:\Users\mfoganholo\Documents\GitHub\opencart57564\public\system\storage\modification\catalog\controller\common\footer.php on line 90
2016-07-15 15:45:30 - PHP Notice:  Undefined variable: description in C:\Users\mfoganholo\Documents\GitHub\opencart57564\public\catalog\view\theme\theme638\template\module\tm_newsletter.tpl on line 7
2016-07-15 15:45:30 - PHP Notice:  Undefined variable: html in C:\Users\mfoganholo\Documents\GitHub\opencart57564\public\catalog\view\theme\theme638\template\module\tm_newsletter_popup.tpl on line 18
2016-07-15 15:45:30 - PHP Warning:  sprintf(): Too few arguments in C:\Users\mfoganholo\Documents\GitHub\opencart57564\public\system\storage\modification\catalog\controller\common\footer.php on line 90
2016-07-15 15:45:30 - PHP Notice:  Undefined variable: description in C:\Users\mfoganholo\Documents\GitHub\opencart57564\public\catalog\view\theme\theme638\template\module\tm_newsletter.tpl on line 7
2016-07-15 15:45:30 - PHP Notice:  Undefined variable: html in C:\Users\mfoganholo\Documents\GitHub\opencart57564\public\catalog\view\theme\theme638\template\module\tm_newsletter_popup.tpl on line 18
2016-07-15 15:45:30 - PHP Warning:  sprintf(): Too few arguments in C:\Users\mfoganholo\Documents\GitHub\opencart57564\public\system\storage\modification\catalog\controller\common\footer.php on line 90
2016-07-15 15:45:39 - PHP Notice:  Undefined variable: description in C:\Users\mfoganholo\Documents\GitHub\opencart57564\public\catalog\view\theme\theme638\template\module\tm_newsletter.tpl on line 7
2016-07-15 15:45:39 - PHP Notice:  Undefined variable: html in C:\Users\mfoganholo\Documents\GitHub\opencart57564\public\catalog\view\theme\theme638\template\module\tm_newsletter_popup.tpl on line 18
2016-07-15 15:45:39 - PHP Warning:  sprintf(): Too few arguments in C:\Users\mfoganholo\Documents\GitHub\opencart57564\public\system\storage\modification\catalog\controller\common\footer.php on line 90
2016-07-15 15:45:40 - PHP Notice:  Undefined variable: description in C:\Users\mfoganholo\Documents\GitHub\opencart57564\public\catalog\view\theme\theme638\template\module\tm_newsletter.tpl on line 7
2016-07-15 15:45:40 - PHP Notice:  Undefined variable: html in C:\Users\mfoganholo\Documents\GitHub\opencart57564\public\catalog\view\theme\theme638\template\module\tm_newsletter_popup.tpl on line 18
2016-07-15 15:45:40 - PHP Warning:  sprintf(): Too few arguments in C:\Users\mfoganholo\Documents\GitHub\opencart57564\public\system\storage\modification\catalog\controller\common\footer.php on line 90
2016-07-15 15:53:58 - PHP Notice:  Undefined variable: description in C:\Users\mfoganholo\Documents\GitHub\opencart57564\public\catalog\view\theme\theme638\template\module\tm_newsletter.tpl on line 7
2016-07-15 15:53:58 - PHP Notice:  Undefined variable: html in C:\Users\mfoganholo\Documents\GitHub\opencart57564\public\catalog\view\theme\theme638\template\module\tm_newsletter_popup.tpl on line 18
2016-07-15 15:53:58 - PHP Warning:  sprintf(): Too few arguments in C:\Users\mfoganholo\Documents\GitHub\opencart57564\public\system\storage\modification\catalog\controller\common\footer.php on line 90
2016-07-15 15:53:58 - PHP Notice:  Undefined variable: description in C:\Users\mfoganholo\Documents\GitHub\opencart57564\public\catalog\view\theme\theme638\template\module\tm_newsletter.tpl on line 7
2016-07-15 15:53:58 - PHP Notice:  Undefined variable: html in C:\Users\mfoganholo\Documents\GitHub\opencart57564\public\catalog\view\theme\theme638\template\module\tm_newsletter_popup.tpl on line 18
2016-07-15 15:53:58 - PHP Warning:  sprintf(): Too few arguments in C:\Users\mfoganholo\Documents\GitHub\opencart57564\public\system\storage\modification\catalog\controller\common\footer.php on line 90
2016-07-15 15:53:59 - PHP Notice:  Undefined variable: description in C:\Users\mfoganholo\Documents\GitHub\opencart57564\public\catalog\view\theme\theme638\template\module\tm_newsletter.tpl on line 7
2016-07-15 15:53:59 - PHP Notice:  Undefined variable: html in C:\Users\mfoganholo\Documents\GitHub\opencart57564\public\catalog\view\theme\theme638\template\module\tm_newsletter_popup.tpl on line 18
2016-07-15 15:53:59 - PHP Warning:  sprintf(): Too few arguments in C:\Users\mfoganholo\Documents\GitHub\opencart57564\public\system\storage\modification\catalog\controller\common\footer.php on line 90
2016-07-15 16:38:43 - PHP Notice:  Undefined variable: description in C:\Users\mfoganholo\Documents\GitHub\opencart57564\public\catalog\view\theme\theme638\template\module\tm_newsletter.tpl on line 7
2016-07-15 16:38:43 - PHP Notice:  Undefined variable: html in C:\Users\mfoganholo\Documents\GitHub\opencart57564\public\catalog\view\theme\theme638\template\module\tm_newsletter_popup.tpl on line 18
2016-07-15 16:38:43 - PHP Warning:  sprintf(): Too few arguments in C:\Users\mfoganholo\Documents\GitHub\opencart57564\public\system\storage\modification\catalog\controller\common\footer.php on line 90
2016-07-15 16:38:44 - PHP Notice:  Undefined variable: description in C:\Users\mfoganholo\Documents\GitHub\opencart57564\public\catalog\view\theme\theme638\template\module\tm_newsletter.tpl on line 7
2016-07-15 16:38:44 - PHP Notice:  Undefined variable: html in C:\Users\mfoganholo\Documents\GitHub\opencart57564\public\catalog\view\theme\theme638\template\module\tm_newsletter_popup.tpl on line 18
2016-07-15 16:38:44 - PHP Warning:  sprintf(): Too few arguments in C:\Users\mfoganholo\Documents\GitHub\opencart57564\public\system\storage\modification\catalog\controller\common\footer.php on line 90
2016-07-18 11:08:19 - PHP Notice:  Undefined variable: description in C:\Users\mfoganholo\Documents\GitHub\opencart57564\public\catalog\view\theme\theme638\template\module\tm_newsletter.tpl on line 7
2016-07-18 11:08:20 - PHP Notice:  Undefined variable: html in C:\Users\mfoganholo\Documents\GitHub\opencart57564\public\catalog\view\theme\theme638\template\module\tm_newsletter_popup.tpl on line 18
2016-07-18 11:08:20 - PHP Warning:  sprintf(): Too few arguments in C:\Users\mfoganholo\Documents\GitHub\opencart57564\public\system\storage\modification\catalog\controller\common\footer.php on line 90
2016-07-18 11:08:22 - PHP Notice:  Undefined variable: description in C:\Users\mfoganholo\Documents\GitHub\opencart57564\public\catalog\view\theme\theme638\template\module\tm_newsletter.tpl on line 7
2016-07-18 11:08:22 - PHP Notice:  Undefined variable: html in C:\Users\mfoganholo\Documents\GitHub\opencart57564\public\catalog\view\theme\theme638\template\module\tm_newsletter_popup.tpl on line 18
2016-07-18 11:08:22 - PHP Warning:  sprintf(): Too few arguments in C:\Users\mfoganholo\Documents\GitHub\opencart57564\public\system\storage\modification\catalog\controller\common\footer.php on line 90
2016-07-18 11:08:24 - PHP Notice:  Undefined variable: description in C:\Users\mfoganholo\Documents\GitHub\opencart57564\public\catalog\view\theme\theme638\template\module\tm_newsletter.tpl on line 7
2016-07-18 11:08:24 - PHP Notice:  Undefined variable: html in C:\Users\mfoganholo\Documents\GitHub\opencart57564\public\catalog\view\theme\theme638\template\module\tm_newsletter_popup.tpl on line 18
2016-07-18 11:08:24 - PHP Warning:  sprintf(): Too few arguments in C:\Users\mfoganholo\Documents\GitHub\opencart57564\public\system\storage\modification\catalog\controller\common\footer.php on line 90
2016-07-18 11:19:20 - PHP Notice:  Undefined variable: description in C:\Users\mfoganholo\Documents\GitHub\opencart57564\public\catalog\view\theme\theme638\template\module\tm_newsletter.tpl on line 7
2016-07-18 11:19:20 - PHP Notice:  Undefined variable: html in C:\Users\mfoganholo\Documents\GitHub\opencart57564\public\catalog\view\theme\theme638\template\module\tm_newsletter_popup.tpl on line 18
2016-07-18 11:19:20 - PHP Warning:  sprintf(): Too few arguments in C:\Users\mfoganholo\Documents\GitHub\opencart57564\public\system\storage\modification\catalog\controller\common\footer.php on line 90
2016-07-18 11:19:20 - PHP Notice:  Undefined variable: description in C:\Users\mfoganholo\Documents\GitHub\opencart57564\public\catalog\view\theme\theme638\template\module\tm_newsletter.tpl on line 7
2016-07-18 11:19:20 - PHP Notice:  Undefined variable: html in C:\Users\mfoganholo\Documents\GitHub\opencart57564\public\catalog\view\theme\theme638\template\module\tm_newsletter_popup.tpl on line 18
2016-07-18 11:19:20 - PHP Warning:  sprintf(): Too few arguments in C:\Users\mfoganholo\Documents\GitHub\opencart57564\public\system\storage\modification\catalog\controller\common\footer.php on line 90
2016-07-18 11:19:21 - PHP Notice:  Undefined variable: description in C:\Users\mfoganholo\Documents\GitHub\opencart57564\public\catalog\view\theme\theme638\template\module\tm_newsletter.tpl on line 7
2016-07-18 11:19:21 - PHP Notice:  Undefined variable: html in C:\Users\mfoganholo\Documents\GitHub\opencart57564\public\catalog\view\theme\theme638\template\module\tm_newsletter_popup.tpl on line 18
2016-07-18 11:19:21 - PHP Warning:  sprintf(): Too few arguments in C:\Users\mfoganholo\Documents\GitHub\opencart57564\public\system\storage\modification\catalog\controller\common\footer.php on line 90
2016-07-18 11:19:29 - PHP Notice:  Undefined variable: description in C:\Users\mfoganholo\Documents\GitHub\opencart57564\public\catalog\view\theme\theme638\template\module\tm_newsletter.tpl on line 7
2016-07-18 11:19:29 - PHP Notice:  Undefined variable: html in C:\Users\mfoganholo\Documents\GitHub\opencart57564\public\catalog\view\theme\theme638\template\module\tm_newsletter_popup.tpl on line 18
2016-07-18 11:19:29 - PHP Warning:  sprintf(): Too few arguments in C:\Users\mfoganholo\Documents\GitHub\opencart57564\public\system\storage\modification\catalog\controller\common\footer.php on line 90
2016-07-18 11:19:30 - PHP Notice:  Undefined variable: description in C:\Users\mfoganholo\Documents\GitHub\opencart57564\public\catalog\view\theme\theme638\template\module\tm_newsletter.tpl on line 7
2016-07-18 11:19:30 - PHP Notice:  Undefined variable: html in C:\Users\mfoganholo\Documents\GitHub\opencart57564\public\catalog\view\theme\theme638\template\module\tm_newsletter_popup.tpl on line 18
2016-07-18 11:19:30 - PHP Warning:  sprintf(): Too few arguments in C:\Users\mfoganholo\Documents\GitHub\opencart57564\public\system\storage\modification\catalog\controller\common\footer.php on line 90
2016-07-18 11:19:31 - PHP Notice:  Undefined variable: description in C:\Users\mfoganholo\Documents\GitHub\opencart57564\public\catalog\view\theme\theme638\template\module\tm_newsletter.tpl on line 7
2016-07-18 11:19:31 - PHP Notice:  Undefined variable: html in C:\Users\mfoganholo\Documents\GitHub\opencart57564\public\catalog\view\theme\theme638\template\module\tm_newsletter_popup.tpl on line 18
2016-07-18 11:19:31 - PHP Warning:  sprintf(): Too few arguments in C:\Users\mfoganholo\Documents\GitHub\opencart57564\public\system\storage\modification\catalog\controller\common\footer.php on line 90
2016-07-18 11:19:49 - PHP Notice:  Undefined variable: description in C:\Users\mfoganholo\Documents\GitHub\opencart57564\public\catalog\view\theme\theme638\template\module\tm_newsletter.tpl on line 7
2016-07-18 11:19:49 - PHP Notice:  Undefined variable: html in C:\Users\mfoganholo\Documents\GitHub\opencart57564\public\catalog\view\theme\theme638\template\module\tm_newsletter_popup.tpl on line 18
2016-07-18 11:19:49 - PHP Warning:  sprintf(): Too few arguments in C:\Users\mfoganholo\Documents\GitHub\opencart57564\public\system\storage\modification\catalog\controller\common\footer.php on line 90
2016-07-18 11:19:50 - PHP Notice:  Undefined variable: description in C:\Users\mfoganholo\Documents\GitHub\opencart57564\public\catalog\view\theme\theme638\template\module\tm_newsletter.tpl on line 7
2016-07-18 11:19:50 - PHP Notice:  Undefined variable: html in C:\Users\mfoganholo\Documents\GitHub\opencart57564\public\catalog\view\theme\theme638\template\module\tm_newsletter_popup.tpl on line 18
2016-07-18 11:19:50 - PHP Warning:  sprintf(): Too few arguments in C:\Users\mfoganholo\Documents\GitHub\opencart57564\public\system\storage\modification\catalog\controller\common\footer.php on line 90
2016-07-18 11:19:50 - PHP Notice:  Undefined variable: description in C:\Users\mfoganholo\Documents\GitHub\opencart57564\public\catalog\view\theme\theme638\template\module\tm_newsletter.tpl on line 7
2016-07-18 11:19:50 - PHP Notice:  Undefined variable: html in C:\Users\mfoganholo\Documents\GitHub\opencart57564\public\catalog\view\theme\theme638\template\module\tm_newsletter_popup.tpl on line 18
2016-07-18 11:19:50 - PHP Warning:  sprintf(): Too few arguments in C:\Users\mfoganholo\Documents\GitHub\opencart57564\public\system\storage\modification\catalog\controller\common\footer.php on line 90
2016-07-18 11:20:36 - PHP Notice:  Undefined variable: description in C:\Users\mfoganholo\Documents\GitHub\opencart57564\public\catalog\view\theme\theme638\template\module\tm_newsletter.tpl on line 7
2016-07-18 11:20:36 - PHP Notice:  Undefined variable: html in C:\Users\mfoganholo\Documents\GitHub\opencart57564\public\catalog\view\theme\theme638\template\module\tm_newsletter_popup.tpl on line 18
2016-07-18 11:20:36 - PHP Warning:  sprintf(): Too few arguments in C:\Users\mfoganholo\Documents\GitHub\opencart57564\public\system\storage\modification\catalog\controller\common\footer.php on line 90
2016-07-18 11:20:37 - PHP Notice:  Undefined variable: description in C:\Users\mfoganholo\Documents\GitHub\opencart57564\public\catalog\view\theme\theme638\template\module\tm_newsletter.tpl on line 7
2016-07-18 11:20:37 - PHP Notice:  Undefined variable: html in C:\Users\mfoganholo\Documents\GitHub\opencart57564\public\catalog\view\theme\theme638\template\module\tm_newsletter_popup.tpl on line 18
2016-07-18 11:20:37 - PHP Warning:  sprintf(): Too few arguments in C:\Users\mfoganholo\Documents\GitHub\opencart57564\public\system\storage\modification\catalog\controller\common\footer.php on line 90
2016-07-18 11:20:38 - PHP Notice:  Undefined variable: description in C:\Users\mfoganholo\Documents\GitHub\opencart57564\public\catalog\view\theme\theme638\template\module\tm_newsletter.tpl on line 7
2016-07-18 11:20:38 - PHP Notice:  Undefined variable: html in C:\Users\mfoganholo\Documents\GitHub\opencart57564\public\catalog\view\theme\theme638\template\module\tm_newsletter_popup.tpl on line 18
2016-07-18 11:20:38 - PHP Warning:  sprintf(): Too few arguments in C:\Users\mfoganholo\Documents\GitHub\opencart57564\public\system\storage\modification\catalog\controller\common\footer.php on line 90
2016-07-18 11:21:30 - PHP Notice:  Undefined variable: description in C:\Users\mfoganholo\Documents\GitHub\opencart57564\public\catalog\view\theme\theme638\template\module\tm_newsletter.tpl on line 7
2016-07-18 11:21:31 - PHP Warning:  sprintf(): Too few arguments in C:\Users\mfoganholo\Documents\GitHub\opencart57564\public\system\storage\modification\catalog\controller\common\footer.php on line 90
2016-07-18 11:21:31 - PHP Notice:  Undefined variable: description in C:\Users\mfoganholo\Documents\GitHub\opencart57564\public\catalog\view\theme\theme638\template\module\tm_newsletter.tpl on line 7
2016-07-18 11:21:31 - PHP Warning:  sprintf(): Too few arguments in C:\Users\mfoganholo\Documents\GitHub\opencart57564\public\system\storage\modification\catalog\controller\common\footer.php on line 90
2016-07-18 11:21:32 - PHP Notice:  Undefined variable: description in C:\Users\mfoganholo\Documents\GitHub\opencart57564\public\catalog\view\theme\theme638\template\module\tm_newsletter.tpl on line 7
2016-07-18 11:21:32 - PHP Warning:  sprintf(): Too few arguments in C:\Users\mfoganholo\Documents\GitHub\opencart57564\public\system\storage\modification\catalog\controller\common\footer.php on line 90
2016-07-18 11:21:41 - PHP Notice:  Undefined variable: description in C:\Users\mfoganholo\Documents\GitHub\opencart57564\public\catalog\view\theme\theme638\template\module\tm_newsletter.tpl on line 7
2016-07-18 11:21:41 - PHP Warning:  sprintf(): Too few arguments in C:\Users\mfoganholo\Documents\GitHub\opencart57564\public\system\storage\modification\catalog\controller\common\footer.php on line 90
2016-07-18 11:21:42 - PHP Notice:  Undefined variable: description in C:\Users\mfoganholo\Documents\GitHub\opencart57564\public\catalog\view\theme\theme638\template\module\tm_newsletter.tpl on line 7
2016-07-18 11:21:42 - PHP Warning:  sprintf(): Too few arguments in C:\Users\mfoganholo\Documents\GitHub\opencart57564\public\system\storage\modification\catalog\controller\common\footer.php on line 90
2016-07-18 11:21:42 - PHP Notice:  Undefined variable: description in C:\Users\mfoganholo\Documents\GitHub\opencart57564\public\catalog\view\theme\theme638\template\module\tm_newsletter.tpl on line 7
2016-07-18 11:21:42 - PHP Warning:  sprintf(): Too few arguments in C:\Users\mfoganholo\Documents\GitHub\opencart57564\public\system\storage\modification\catalog\controller\common\footer.php on line 90
2016-07-18 11:23:06 - PHP Warning:  sprintf(): Too few arguments in C:\Users\mfoganholo\Documents\GitHub\opencart57564\public\system\storage\modification\catalog\controller\common\footer.php on line 90
2016-07-18 11:23:07 - PHP Warning:  sprintf(): Too few arguments in C:\Users\mfoganholo\Documents\GitHub\opencart57564\public\system\storage\modification\catalog\controller\common\footer.php on line 90
2016-07-18 11:23:08 - PHP Warning:  sprintf(): Too few arguments in C:\Users\mfoganholo\Documents\GitHub\opencart57564\public\system\storage\modification\catalog\controller\common\footer.php on line 90
2016-07-18 11:23:23 - PHP Warning:  sprintf(): Too few arguments in C:\Users\mfoganholo\Documents\GitHub\opencart57564\public\system\storage\modification\catalog\controller\common\footer.php on line 90
2016-07-18 11:23:24 - PHP Warning:  sprintf(): Too few arguments in C:\Users\mfoganholo\Documents\GitHub\opencart57564\public\system\storage\modification\catalog\controller\common\footer.php on line 90
2016-07-18 11:23:24 - PHP Warning:  sprintf(): Too few arguments in C:\Users\mfoganholo\Documents\GitHub\opencart57564\public\system\storage\modification\catalog\controller\common\footer.php on line 90
2016-07-18 11:25:31 - PHP Notice:  Undefined variable: category_search_article in C:\Users\mfoganholo\Documents\GitHub\opencart57564\public\admin\view\template\module\tm_blog_category.tpl on line 68
2016-07-18 11:25:35 - PHP Notice:  Undefined variable: category_search_article in C:\Users\mfoganholo\Documents\GitHub\opencart57564\public\admin\view\template\module\tm_blog_category.tpl on line 68
2016-07-18 11:26:07 - PHP Notice:  Undefined variable: languages in C:\Users\mfoganholo\Documents\GitHub\opencart57564\public\admin\view\template\module\olark.tpl on line 64
2016-07-18 11:26:07 - PHP Warning:  Invalid argument supplied for foreach() in C:\Users\mfoganholo\Documents\GitHub\opencart57564\public\admin\view\template\module\olark.tpl on line 64
2016-07-18 11:26:13 - PHP Notice:  Undefined variable: languages in C:\Users\mfoganholo\Documents\GitHub\opencart57564\public\admin\view\template\module\olark.tpl on line 64
2016-07-18 11:26:13 - PHP Warning:  Invalid argument supplied for foreach() in C:\Users\mfoganholo\Documents\GitHub\opencart57564\public\admin\view\template\module\olark.tpl on line 64
